<?xml version="1.0" encoding="UTF-8"?>
<!-- Generated by org.testng.reporters.JUnitReportReporter -->
<testsuite hostname="LTIN279717" failures="0" tests="1" name="testCases.TS_003" time="93.044" errors="0" timestamp="2024-03-08T10:16:57 IST" skipped="0">
  <testcase classname="testCases.TS_003" name="Wellness_Form" time="93.044"/>
  <system-out/>
</testsuite> <!-- testCases.TS_003 -->
