<?xml version="1.0" encoding="UTF-8"?>
<!-- Generated by org.testng.reporters.JUnitReportReporter -->
<testsuite hostname="LTIN279717" failures="0" tests="1" name="testCases.TC_001" time="421.165" errors="0" timestamp="2024-02-29T15:05:52 IST" skipped="0">
  <testcase classname="testCases.TC_001" name="Finding_Doctor" time="421.165"/>
  <system-out/>
</testsuite> <!-- testCases.TC_001 -->
