<?xml version="1.0" encoding="UTF-8"?>
<!-- Generated by org.testng.reporters.JUnitReportReporter -->
<testsuite hostname="LTIN279717" failures="0" tests="1" name="testCases.TS_002" time="6.381" errors="0" timestamp="2024-03-07T14:53:58 IST" skipped="0">
  <testcase classname="testCases.TS_002" name="Top_Surgery" time="6.381"/>
  <system-out/>
</testsuite> <!-- testCases.TS_002 -->
