<?xml version="1.0" encoding="UTF-8"?>
<!-- Generated by org.testng.reporters.JUnitReportReporter -->
<testsuite hostname="LTIN279717" failures="0" tests="1" name="testCases.TS_001" time="473.680" errors="0" timestamp="2024-03-08T14:38:09 IST" skipped="0">
  <testcase classname="testCases.TS_001" name="Finding_Doctor" time="473.680"/>
  <system-out/>
</testsuite> <!-- testCases.TS_001 -->
