<?xml version="1.0" encoding="UTF-8"?>
<!-- Generated by org.testng.reporters.JUnitReportReporter -->
<testsuite hostname="LTIN279717" failures="0" tests="1" name="testCases.TS_003" time="44.953" errors="0" timestamp="2024-03-07T14:53:58 IST" skipped="0">
  <testcase classname="testCases.TS_003" name="Wellness_Form" time="44.953"/>
  <system-out/>
</testsuite> <!-- testCases.TS_003 -->
