<?xml version="1.0" encoding="UTF-8"?>
<!-- Generated by org.testng.reporters.JUnitReportReporter -->
<testsuite hostname="LTIN279717" failures="0" tests="1" name="testCases.TC_002" time="6.686" errors="0" timestamp="2024-03-04T17:55:10 IST" skipped="0">
  <testcase classname="testCases.TC_002" name="Top_Surgery" time="6.686"/>
  <system-out/>
</testsuite> <!-- testCases.TC_002 -->
