<?xml version="1.0" encoding="UTF-8"?>
<!-- Generated by org.testng.reporters.JUnitReportReporter -->
<testsuite hostname="LTIN279717" failures="0" tests="1" name="testng_testsuite.RegressionTesting" time="4.023" errors="0" timestamp="2024-03-05T15:47:01 IST" skipped="0">
  <testcase classname="testng_testsuite.RegressionTesting" name="Top_Surgery" time="4.023"/>
  <system-out/>
</testsuite> <!-- testng_testsuite.RegressionTesting -->
