<?xml version="1.0" encoding="UTF-8"?>
<!-- Generated by org.testng.reporters.JUnitReportReporter -->
<testsuite hostname="LTIN279717" failures="0" tests="1" name="testCases.TC_003" time="37.763" errors="0" timestamp="2024-03-04T17:55:10 IST" skipped="0">
  <testcase classname="testCases.TC_003" name="Wellness_Form" time="37.763"/>
  <system-out/>
</testsuite> <!-- testCases.TC_003 -->
