<?xml version="1.0" encoding="UTF-8"?>
<!-- Generated by org.testng.reporters.JUnitReportReporter -->
<testsuite hostname="LTIN279717" failures="0" tests="1" name="testCases.TC_002" time="9.052" errors="0" timestamp="2024-03-05T12:27:19 IST" skipped="0">
  <testcase classname="testCases.TC_002" name="Top_Surgery" time="9.052"/>
  <system-out/>
</testsuite> <!-- testCases.TC_002 -->
