<?xml version="1.0" encoding="UTF-8"?>
<!-- Generated by org.testng.reporters.JUnitReportReporter -->
<testsuite hostname="LTIN279717" failures="0" tests="1" name="testCases.TS_002" time="7.187" errors="0" timestamp="2024-03-05T15:43:00 IST" skipped="0">
  <testcase classname="testCases.TS_002" name="Top_Surgery" time="7.187"/>
  <system-out/>
</testsuite> <!-- testCases.TS_002 -->
