<?xml version="1.0" encoding="UTF-8"?>
<!-- Generated by org.testng.reporters.JUnitReportReporter -->
<testsuite hostname="LTIN279717" failures="0" tests="3" name="testng_testsuite.SmokeTest" time="19.360" errors="0" timestamp="2024-03-05T15:49:32 IST" skipped="0">
  <testcase classname="testng_testsuite.SmokeTest" name="Finding_Doctor" time="7.331"/>
  <system-out/>
  <testcase classname="testng_testsuite.SmokeTest" name="Top_Surgery" time="3.786"/>
  <system-out/>
  <testcase classname="testng_testsuite.SmokeTest" name="Wellness_Form" time="8.243"/>
  <system-out/>
</testsuite> <!-- testng_testsuite.SmokeTest -->
