<?xml version="1.0" encoding="UTF-8"?>
<!-- Generated by org.testng.reporters.JUnitReportReporter -->
<testsuite hostname="LTIN279717" failures="0" tests="1" name="testCases.TC_001" time="396.170" errors="0" timestamp="2024-03-04T17:55:10 IST" skipped="0">
  <testcase classname="testCases.TC_001" name="Finding_Doctor" time="396.170"/>
  <system-out/>
</testsuite> <!-- testCases.TC_001 -->
