<?xml version="1.0" encoding="UTF-8"?>
<!-- Generated by org.testng.reporters.JUnitReportReporter -->
<testsuite hostname="LTIN279717" failures="0" tests="1" name="testCases.TC_002" time="7.634" errors="0" timestamp="2024-02-29T15:09:59 IST" skipped="0">
  <testcase classname="testCases.TC_002" name="Top_Surgery" time="7.634"/>
</testsuite> <!-- testCases.TC_002 -->
