<?xml version="1.0" encoding="UTF-8"?>
<!-- Generated by org.testng.reporters.JUnitReportReporter -->
<testsuite hostname="LTIN279717" failures="0" tests="1" name="testCases.TC_003" time="24.227" errors="0" timestamp="2024-02-29T15:09:59 IST" skipped="0">
  <testcase classname="testCases.TC_003" name="Wellness_Form" time="24.227"/>
</testsuite> <!-- testCases.TC_003 -->
